<?xml version="1.0" encoding="UTF-8"?>
<!-- Generated by org.testng.reporters.JUnitReportReporter -->
<testsuite skipped="0" hostname="LAPTOP-DG895886" name="week1.TestNG" tests="3" failures="0" timestamp="2019-11-15T19:58:56 IST" time="0.016" errors="0">
  <testcase name="TestCC" time="0.000" classname="week1.TestNG"/>
  <testcase name="TestBB" time="0.000" classname="week1.TestNG"/>
  <testcase name="TestAA" time="0.016" classname="week1.TestNG"/>
</testsuite> <!-- week1.TestNG -->
