<?xml version="1.0" encoding="UTF-8"?>
<!-- Generated by org.testng.reporters.JUnitReportReporter -->
<testsuite skipped="0" hostname="LAPTOP-DG895886" name="DataDrive.LoginLogout" tests="1" failures="0" timestamp="2019-11-30T15:15:20 IST" time="34.048" errors="0">
  <testcase name="testLoginLogout" time="34.048" classname="DataDrive.LoginLogout"/>
</testsuite> <!-- DataDrive.LoginLogout -->
