<?xml version="1.0" encoding="UTF-8"?>
<!-- Generated by org.testng.reporters.JUnitReportReporter -->
<testsuite skipped="0" hostname="LAPTOP-DG895886" name="Frameworks.CreateCustomer" tests="1" failures="0" timestamp="2019-12-02T19:46:31 IST" time="8.845" errors="0">
  <testcase name="testCreateCustomer" time="8.845" classname="Frameworks.CreateCustomer"/>
</testsuite> <!-- Frameworks.CreateCustomer -->
