<?xml version="1.0" encoding="UTF-8"?>
<!-- Generated by org.testng.reporters.JUnitReportReporter -->
<testsuite skipped="0" hostname="LAPTOP-DG895886" name="Delete.DeleteCustomer" tests="1" failures="0" timestamp="2019-12-02T20:59:12 IST" time="1.805" errors="0">
  <testcase name="testDeleteCustomer" time="1.805" classname="Delete.DeleteCustomer"/>
</testsuite> <!-- Delete.DeleteCustomer -->
